<?xml version="1.0" encoding="UTF-8"?>
<!-- Generated by org.testng.reporters.JUnitXMLReporter -->
<testsuite hostname="DESKTOP-8QP6DIR" failures="0" tests="1" name="Surefire test" time="0.013" errors="0" timestamp="15 Aug 2022 00:52:28 GMT">
  <testcase classname="com.todolistapp.ToDoTest" name="@BeforeTest beforeTest" time="0.0">
    <failure type="java.lang.NoClassDefFoundError" message="org/openqa/selenium/logging/LoggingHandler">
      <![CDATA[java.lang.NoClassDefFoundError: org/openqa/selenium/logging/LoggingHandler
	at com.todolistapp.ToDoTest.beforeTest(ToDoTest.java:55)
Caused by: java.lang.ClassNotFoundException: org.openqa.selenium.logging.LoggingHandler
	at java.base/jdk.internal.loader.BuiltinClassLoader.loadClass(BuiltinClassLoader.java:641)
	at java.base/jdk.internal.loader.ClassLoaders$AppClassLoader.loadClass(ClassLoaders.java:188)
	at java.base/java.lang.ClassLoader.loadClass(ClassLoader.java:520)
	... 28 more
... Removed 27 stack frames]]>
    </failure>
  </testcase> <!-- @BeforeTest beforeTest -->
  <testcase classname="com.todolistapp.ToDoTest" name="@BeforeClass beforeClass" time="0.0">
    <skipped/>
  </testcase> <!-- @BeforeClass beforeClass -->
  <testcase classname="com.todolistapp.ToDoTest" name="@BeforeMethod beforeMethod" time="0.0">
    <skipped/>
  </testcase> <!-- @BeforeMethod beforeMethod -->
  <testcase classname="com.todolistapp.ToDoTest" name="@AfterMethod afterMethod" time="0.0">
    <skipped/>
  </testcase> <!-- @AfterMethod afterMethod -->
  <testcase classname="com.todolistapp.ToDoTest" name="@AfterClass afterClass" time="0.0">
    <skipped/>
  </testcase> <!-- @AfterClass afterClass -->
  <testcase classname="com.todolistapp.ToDoTest" name="@AfterTest afterTest" time="0.0">
    <skipped/>
  </testcase> <!-- @AfterTest afterTest -->
  <testcase classname="com.todolistapp.ToDoTest" name="f" time="0.0">
    <skipped/>
  </testcase> <!-- f -->
</testsuite> <!-- Surefire test -->
