<?xml version="1.0" encoding="UTF-8"?>
<testng-results ignored="0" total="5" passed="5" failed="0" skipped="0">
  <reporter-output>
  </reporter-output>
  <suite started-at="2022-08-15T12:53:21 EDT" name="Suite" finished-at="2022-08-15T12:53:35 EDT" duration-ms="14370">
    <groups>
    </groups>
    <test started-at="2022-08-15T12:53:21 EDT" name="Test" finished-at="2022-08-15T12:53:35 EDT" duration-ms="14370">
      <class name="com.todolistapp.ToDoTest">
        <test-method is-config="true" signature="beforeSuite(java.lang.String)[pri:0, instance:com.todolistapp.ToDoTest@759d26fb]" started-at="2022-08-15T12:53:21 EDT" name="beforeSuite" finished-at="2022-08-15T12:53:22 EDT" duration-ms="1423" status="PASS">
          <params>
            <param index="0">
              <value>
                <![CDATA[Chrome]]>
              </value>
            </param>
          </params>
          <reporter-output>
          </reporter-output>
        </test-method> <!-- beforeSuite -->
        <test-method signature="C1VerifyTodoApplicationhLaunch()[pri:1, instance:com.todolistapp.ToDoTest@759d26fb]" started-at="2022-08-15T12:53:22 EDT" name="C1VerifyTodoApplicationhLaunch" finished-at="2022-08-15T12:53:22 EDT" duration-ms="38" status="PASS">
          <reporter-output>
          </reporter-output>
        </test-method> <!-- C1VerifyTodoApplicationhLaunch -->
        <test-method signature="C2VerifyTaskAddition(java.lang.String)[pri:2, instance:com.todolistapp.ToDoTest@759d26fb]" started-at="2022-08-15T12:53:22 EDT" name="C2VerifyTaskAddition" finished-at="2022-08-15T12:53:22 EDT" duration-ms="122" status="PASS">
          <params>
            <param index="0">
              <value>
                <![CDATA[To finish Assignment]]>
              </value>
            </param>
          </params>
          <reporter-output>
          </reporter-output>
        </test-method> <!-- C2VerifyTaskAddition -->
        <test-method signature="C3VerifyTaskRemoval(java.lang.String)[pri:3, instance:com.todolistapp.ToDoTest@759d26fb]" started-at="2022-08-15T12:53:22 EDT" name="C3VerifyTaskRemoval" finished-at="2022-08-15T12:53:22 EDT" duration-ms="115" status="PASS">
          <params>
            <param index="0">
              <value>
                <![CDATA[To go to gym]]>
              </value>
            </param>
          </params>
          <reporter-output>
          </reporter-output>
        </test-method> <!-- C3VerifyTaskRemoval -->
        <test-method signature="C6VerifyClearAll(java.lang.String)[pri:4, instance:com.todolistapp.ToDoTest@759d26fb]" started-at="2022-08-15T12:53:22 EDT" name="C6VerifyClearAll" finished-at="2022-08-15T12:53:33 EDT" duration-ms="10159" status="PASS">
          <params>
            <param index="0">
              <value>
                <![CDATA[To buy groceries]]>
              </value>
            </param>
          </params>
          <reporter-output>
          </reporter-output>
        </test-method> <!-- C6VerifyClearAll -->
        <test-method signature="C16VerifyWhitespacesNotAdded(java.lang.String)[pri:5, instance:com.todolistapp.ToDoTest@759d26fb]" started-at="2022-08-15T12:53:33 EDT" name="C16VerifyWhitespacesNotAdded" finished-at="2022-08-15T12:53:33 EDT" duration-ms="76" status="PASS">
          <params>
            <param index="0">
              <value>
                <![CDATA[  To make some art   ]]>
              </value>
            </param>
          </params>
          <reporter-output>
          </reporter-output>
        </test-method> <!-- C16VerifyWhitespacesNotAdded -->
        <test-method is-config="true" signature="afterSuite()[pri:0, instance:com.todolistapp.ToDoTest@759d26fb]" started-at="2022-08-15T12:53:33 EDT" name="afterSuite" finished-at="2022-08-15T12:53:35 EDT" duration-ms="2412" status="PASS">
          <reporter-output>
          </reporter-output>
        </test-method> <!-- afterSuite -->
      </class> <!-- com.todolistapp.ToDoTest -->
    </test> <!-- Test -->
  </suite> <!-- Suite -->
</testng-results>
