<?xml version="1.0" encoding="UTF-8"?>
<testsuite xmlns:xsi="http://www.w3.org/2001/XMLSchema-instance" xsi:noNamespaceSchemaLocation="https://maven.apache.org/surefire/maven-surefire-plugin/xsd/surefire-test-report.xsd" name="com.todolistapp.ToDoTest" time="0.248" tests="8" errors="0" skipped="7" failures="1">
  <properties>
[...]
</properties>
  <testcase name="beforeTest" classname="com.todolistapp.ToDoTest" time="0.175">
    <failure message="org/openqa/selenium/logging/LoggingHandler" type="java.lang.NoClassDefFoundError">java.lang.NoClassDefFoundError: org/openqa/selenium/logging/LoggingHandler
	at com.todolistapp.ToDoTest.beforeTest(ToDoTest.java:55)
Caused by: java.lang.ClassNotFoundException: org.openqa.selenium.logging.LoggingHandler
	at com.todolistapp.ToDoTest.beforeTest(ToDoTest.java:55)
</failure>
  </testcase>
  <testcase name="beforeClass" classname="com.todolistapp.ToDoTest" time="0">
    <skipped/>
  </testcase>
  <testcase name="beforeMethod" classname="com.todolistapp.ToDoTest" time="0">
    <skipped/>
  </testcase>
  <testcase name="f" classname="com.todolistapp.ToDoTest" time="0">
    <skipped/>
  </testcase>
  <testcase name="afterMethod" classname="com.todolistapp.ToDoTest" time="0">
    <skipped/>
  </testcase>
  <testcase name="afterClass" classname="com.todolistapp.ToDoTest" time="0">
    <skipped/>
  </testcase>
  <testcase name="afterTest" classname="com.todolistapp.ToDoTest" time="0">
    <skipped/>
  </testcase>
  <testcase name="afterSuite" classname="com.todolistapp.ToDoTest" time="0">
    <skipped/>
  </testcase>
</testsuite>